1609147453123	geckodriver	INFO	Listening on 127.0.0.1:52574
1609147453137	mozrunner::runner	INFO	Running command: "/Applications/Firefox.app/Contents/MacOS/firefox-bin" "--marionette" "-foreground" "-no-remote" "-profile" "/var/folders/pk/wm4c24js0hg2k9wkcw1_88nc0000gn/T/rust_mozprofileVjVai2"
console.warn: SearchSettings: "get: No settings file exists, new profile?" (new Error("", "(unknown module)"))
1609147457729	Marionette	INFO	Listening on port 52583
1609147504614	geckodriver	INFO	Listening on 127.0.0.1:52631
1609147504632	mozrunner::runner	INFO	Running command: "/Applications/Firefox.app/Contents/MacOS/firefox-bin" "--marionette" "-foreground" "-no-remote" "-profile" "/var/folders/pk/wm4c24js0hg2k9wkcw1_88nc0000gn/T/rust_mozprofileXiu2xG"
console.warn: SearchSettings: "get: No settings file exists, new profile?" (new Error("", "(unknown module)"))
1609147508028	Marionette	INFO	Listening on port 52640
1609147508173	Marionette	WARN	TLS certificate errors will be ignored for this session
1609147509071	Marionette	INFO	Stopped listening on port 52640
JavaScript error: resource://activity-stream/lib/ASRouter.jsm, line 987: NS_ERROR_ILLEGAL_VALUE: Component returned failure code: 0x80070057 (NS_ERROR_ILLEGAL_VALUE) [nsIObserverService.removeObserver]

###!!! [Parent][RunMessage] Error: Channel closing: too late to send/recv, messages will be lost

1609147763806	geckodriver	INFO	Listening on 127.0.0.1:52768
1609147764820	mozrunner::runner	INFO	Running command: "/Applications/Firefox.app/Contents/MacOS/firefox-bin" "--marionette" "-foreground" "-no-remote" "-profile" "/var/folders/pk/wm4c24js0hg2k9wkcw1_88nc0000gn/T/rust_mozprofileMG4e4M"
console.warn: SearchSettings: "get: No settings file exists, new profile?" (new Error("", "(unknown module)"))
1609147767958	Marionette	INFO	Listening on port 52779
1609147768048	Marionette	WARN	TLS certificate errors will be ignored for this session
1609147770895	Marionette	INFO	Stopped listening on port 52779

###!!! [Parent][RunMessage] Error: Channel closing: too late to send/recv, messages will be lost

1609147808904	geckodriver	INFO	Listening on 127.0.0.1:52877
1609147808919	mozrunner::runner	INFO	Running command: "/Applications/Firefox.app/Contents/MacOS/firefox-bin" "--marionette" "-foreground" "-no-remote" "-profile" "/var/folders/pk/wm4c24js0hg2k9wkcw1_88nc0000gn/T/rust_mozprofile25PBNX"
console.warn: SearchSettings: "get: No settings file exists, new profile?" (new Error("", "(unknown module)"))
1609147811868	Marionette	INFO	Listening on port 52882
1609147811951	Marionette	WARN	TLS certificate errors will be ignored for this session
1609147870768	Marionette	INFO	Stopped listening on port 52882

###!!! [Parent][RunMessage] Error: Channel closing: too late to send/recv, messages will be lost

1609147997088	Marionette	INFO	Stopped listening on port 52583

###!!! [Parent][RunMessage] Error: Channel closing: too late to send/recv, messages will be lost

1609150071870	geckodriver	INFO	Listening on 127.0.0.1:51182
1609150071905	mozrunner::runner	INFO	Running command: "/Applications/Firefox.app/Contents/MacOS/firefox-bin" "--marionette" "--headless" "-foreground" "-no-remote" "-profile" "/var/folders/pk/wm4c24js0hg2k9wkcw1_88nc0000gn/T/rust_mozprofileEoCmh9"
*** You are running in headless mode.
console.warn: SearchSettings: "get: No settings file exists, new profile?" (new Error("", "(unknown module)"))
1609150074573	Marionette	INFO	Listening on port 51191
1609150074610	Marionette	WARN	TLS certificate errors will be ignored for this session
1609150085467	Marionette	INFO	Stopped listening on port 51191

###!!! [Child][MessageChannel] Error: (msgtype=0x3A0144,name=PContent::Msg_ScriptError) Channel closing: too late to send/recv, messages will be lost


###!!! [Child][MessageChannel] Error: (msgtype=0xB60006,name=PWebSocket::Msg_DeleteSelf) Channel closing: too late to send/recv, messages will be lost


###!!! [Parent][RunMessage] Error: Channel closing: too late to send/recv, messages will be lost

1609150389176	geckodriver	INFO	Listening on 127.0.0.1:51354
1609150390199	mozrunner::runner	INFO	Running command: "/Applications/Firefox.app/Contents/MacOS/firefox-bin" "--marionette" "--headless" "-foreground" "-no-remote" "-profile" "/var/folders/pk/wm4c24js0hg2k9wkcw1_88nc0000gn/T/rust_mozprofileBurX8g"
*** You are running in headless mode.
console.warn: SearchSettings: "get: No settings file exists, new profile?" (new Error("", "(unknown module)"))
1609150392937	Marionette	INFO	Listening on port 51365
1609150392978	Marionette	WARN	TLS certificate errors will be ignored for this session
1609150403521	Marionette	INFO	Stopped listening on port 51365
